<?xml version="1.0" encoding="UTF-8"?>
<testsuite name="org.linkedlist.doub.LinkedDoubleListTest" tests="7" skipped="0" failures="0" errors="0" timestamp="2023-07-19T20:00:52" hostname="ingeniero-vm" time="0.107">
  <properties/>
  <testcase name="addEnd()" classname="org.linkedlist.doub.LinkedDoubleListTest" time="0.061"/>
  <testcase name="addFirst()" classname="org.linkedlist.doub.LinkedDoubleListTest" time="0.003"/>
  <testcase name="searchNode()" classname="org.linkedlist.doub.LinkedDoubleListTest" time="0.004"/>
  <testcase name="updateNode()" classname="org.linkedlist.doub.LinkedDoubleListTest" time="0.004"/>
  <testcase name="displayBackward()" classname="org.linkedlist.doub.LinkedDoubleListTest" time="0.005"/>
  <testcase name="deleteHead()" classname="org.linkedlist.doub.LinkedDoubleListTest" time="0.005"/>
  <testcase name="deleteTail()" classname="org.linkedlist.doub.LinkedDoubleListTest" time="0.007"/>
  <system-out><![CDATA[ | 45 | ->  | 90 | ->  | 100 | -> 
test
test
 | 100 | ->  | 90 | ->  | 45 | -> 
test
test
 | 100 | ->  | 90 | ->  | 45 | -> 
Dato encontrado: 90 
 test
test
 | 100 | ->  | 90 | ->  | 45 | -> 
Dato encontrado: 90 
 Dato encontrado: 200 
  | 100 | ->  | 200 | ->  | 45 | -> 
test
test
 | 45 | ->  | 90 | ->  | 100 | -> 
 | 100 | ->  | 90 | ->  | 45 | -> 
test
test
 | 100 | ->  | 90 | ->  | 45 | -> 
 | 90 | ->  | 45 | -> 
test
test
 | 100 | ->  | 90 | ->  | 45 | -> 
 | 100 | ->  | 90 | -> 
]]></system-out>
  <system-err><![CDATA[]]></system-err>
</testsuite>
